c:\users\joanp\desktop\last pull\vj-2dgame\2dgame\contra\02-bubble\debug\vc142.pdb
c:\users\joanp\desktop\last pull\vj-2dgame\2dgame\contra\02-bubble\debug\vc142.idb
c:\users\joanp\desktop\last pull\vj-2dgame\2dgame\contra\02-bubble\debug\tutorial.obj
c:\users\joanp\desktop\last pull\vj-2dgame\2dgame\contra\02-bubble\debug\turret.obj
c:\users\joanp\desktop\last pull\vj-2dgame\2dgame\contra\02-bubble\debug\tilemap.obj
c:\users\joanp\desktop\last pull\vj-2dgame\2dgame\contra\02-bubble\debug\texture.obj
c:\users\joanp\desktop\last pull\vj-2dgame\2dgame\contra\02-bubble\debug\sprite.obj
c:\users\joanp\desktop\last pull\vj-2dgame\2dgame\contra\02-bubble\debug\spreadgun.obj
c:\users\joanp\desktop\last pull\vj-2dgame\2dgame\contra\02-bubble\debug\soldierb.obj
c:\users\joanp\desktop\last pull\vj-2dgame\2dgame\contra\02-bubble\debug\menuscene.obj
c:\users\joanp\desktop\last pull\vj-2dgame\2dgame\contra\02-bubble\debug\menu.obj
c:\users\joanp\desktop\last pull\vj-2dgame\2dgame\contra\02-bubble\debug\soldiera.obj
c:\users\joanp\desktop\last pull\vj-2dgame\2dgame\contra\02-bubble\debug\shaderprogram.obj
c:\users\joanp\desktop\last pull\vj-2dgame\2dgame\contra\02-bubble\debug\shader.obj
c:\users\joanp\desktop\last pull\vj-2dgame\2dgame\contra\02-bubble\debug\scene.obj
c:\users\joanp\desktop\last pull\vj-2dgame\2dgame\contra\02-bubble\debug\projectile.obj
c:\users\joanp\desktop\last pull\vj-2dgame\2dgame\contra\02-bubble\debug\player.obj
c:\users\joanp\desktop\last pull\vj-2dgame\2dgame\contra\02-bubble\debug\npc.obj
c:\users\joanp\desktop\last pull\vj-2dgame\2dgame\contra\02-bubble\debug\main.obj
c:\users\joanp\desktop\last pull\vj-2dgame\2dgame\contra\02-bubble\debug\gameover.obj
c:\users\joanp\desktop\last pull\vj-2dgame\2dgame\contra\02-bubble\debug\game.obj
c:\users\joanp\desktop\last pull\vj-2dgame\2dgame\contra\02-bubble\debug\entitymanager.obj
d:\fib\vj\game2\vj-2dgame\2dgame\contra\02-bubble\debug\vc142.pdb
d:\fib\vj\game2\vj-2dgame\2dgame\contra\02-bubble\debug\vc142.idb
d:\fib\vj\game2\vj-2dgame\2dgame\contra\02-bubble\debug\tutorial.obj
d:\fib\vj\game2\vj-2dgame\2dgame\contra\02-bubble\debug\turret.obj
d:\fib\vj\game2\vj-2dgame\2dgame\contra\02-bubble\debug\tilemap.obj
d:\fib\vj\game2\vj-2dgame\2dgame\contra\02-bubble\debug\texture.obj
d:\fib\vj\game2\vj-2dgame\2dgame\contra\02-bubble\debug\sprite.obj
d:\fib\vj\game2\vj-2dgame\2dgame\contra\02-bubble\debug\spreadgun.obj
d:\fib\vj\game2\vj-2dgame\2dgame\contra\02-bubble\debug\soldierb.obj
d:\fib\vj\game2\vj-2dgame\2dgame\contra\02-bubble\debug\menuscene.obj
d:\fib\vj\game2\vj-2dgame\2dgame\contra\02-bubble\debug\menu.obj
d:\fib\vj\game2\vj-2dgame\2dgame\contra\02-bubble\debug\soldiera.obj
d:\fib\vj\game2\vj-2dgame\2dgame\contra\02-bubble\debug\shaderprogram.obj
d:\fib\vj\game2\vj-2dgame\2dgame\contra\02-bubble\debug\shader.obj
d:\fib\vj\game2\vj-2dgame\2dgame\contra\02-bubble\debug\scene.obj
d:\fib\vj\game2\vj-2dgame\2dgame\contra\02-bubble\debug\projectile.obj
d:\fib\vj\game2\vj-2dgame\2dgame\contra\02-bubble\debug\player.obj
d:\fib\vj\game2\vj-2dgame\2dgame\contra\02-bubble\debug\npc.obj
d:\fib\vj\game2\vj-2dgame\2dgame\contra\02-bubble\debug\main.obj
d:\fib\vj\game2\vj-2dgame\2dgame\contra\02-bubble\debug\gameover.obj
d:\fib\vj\game2\vj-2dgame\2dgame\contra\02-bubble\debug\game.obj
d:\fib\vj\game2\vj-2dgame\2dgame\contra\02-bubble\debug\entitymanager.obj
c:\users\joanp\desktop\clean vj\vj-2dgame\2dgame\contra\debug\contra.ilk
c:\users\joanp\desktop\clean vj\vj-2dgame\2dgame\contra\debug\contra.exe
c:\users\joanp\desktop\clean vj\vj-2dgame\2dgame\contra\debug\contra.pdb
c:\users\joanp\desktop\clean vj 25-10 before pulling\vj-2dgame\2dgame\contra\debug\contra.exe
c:\users\joanp\desktop\clean vj 25-10 before pulling\vj-2dgame\2dgame\contra\debug\contra.ilk
c:\users\joanp\desktop\clean vj 25-10 before pulling\vj-2dgame\2dgame\contra\debug\contra.pdb
c:\users\joanp\desktop\last pull\vj-2dgame\2dgame\contra\debug\contra.exe
c:\users\joanp\desktop\last pull\vj-2dgame\2dgame\contra\debug\contra.ilk
c:\users\joanp\desktop\last pull\vj-2dgame\2dgame\contra\debug\contra.pdb
d:\fib\vj\game2\vj-2dgame\2dgame\contra\debug\contra.ilk
d:\fib\vj\game2\vj-2dgame\2dgame\contra\debug\contra.exe
d:\fib\vj\game2\vj-2dgame\2dgame\contra\debug\contra.pdb
d:\fib\vj\game2\vj-2dgame\2dgame\contra\02-bubble\debug\blackbackground.obj
d:\fib\vj\game2\vj-2dgame\2dgame\contra\02-bubble\debug\player.obj.enc
d:\fib\vj\game2\vj-2dgame\2dgame\contra\02-bubble\debug\contra.tlog\cl.command.1.tlog
d:\fib\vj\game2\vj-2dgame\2dgame\contra\02-bubble\debug\contra.tlog\cl.read.1.tlog
d:\fib\vj\game2\vj-2dgame\2dgame\contra\02-bubble\debug\contra.tlog\cl.write.1.tlog
d:\fib\vj\game2\vj-2dgame\2dgame\contra\02-bubble\debug\contra.tlog\link.command.1.tlog
d:\fib\vj\game2\vj-2dgame\2dgame\contra\02-bubble\debug\contra.tlog\link.read.1.tlog
d:\fib\vj\game2\vj-2dgame\2dgame\contra\02-bubble\debug\contra.tlog\link.write.1.tlog
